<?xml version="1.0" encoding="UTF-8"?>
<!-- Generated by org.testng.reporters.JUnitReportReporter -->
<testsuite hostname="DESKTOP-HH8RNJR" failures="0" tests="1" name="Tests.SalesTest" time="22.612" errors="0" timestamp="2023-12-15T18:01:38 EET" skipped="0">
  <testcase classname="Tests.SalesTest" name="addNewIssuedReturnInvoiceHasReferenceInvoice" time="22.612"/>
</testsuite> <!-- Tests.SalesTest -->
