<?xml version="1.0" encoding="UTF-8"?>
<!-- Generated by org.testng.reporters.JUnitReportReporter -->
<testsuite hostname="DESKTOP-HH8RNJR" failures="0" tests="1" name="Tests.SalesTest" time="19.017" errors="0" timestamp="2023-11-07T00:52:32 EET" skipped="0">
  <testcase classname="Tests.SalesTest" name="addNewSalesIssuedInvoice" time="19.017"/>
</testsuite> <!-- Tests.SalesTest -->
