<?xml version="1.0" encoding="UTF-8"?>
<!-- Generated by org.testng.reporters.JUnitReportReporter -->
<testsuite hostname="DESKTOP-HH8RNJR" failures="0" tests="1" name="Tests.DashboardTest" time="15.571" errors="0" timestamp="2023-12-12T11:31:10 EET" skipped="0">
  <testcase classname="Tests.DashboardTest" name="openSalesModule" time="15.571"/>
</testsuite> <!-- Tests.DashboardTest -->
