<?xml version="1.0" encoding="UTF-8"?>
<!-- Generated by org.testng.reporters.JUnitReportReporter -->
<testsuite hostname="DESKTOP-HH8RNJR" failures="0" tests="1" name="Tests.LoginTest" time="5.920" errors="0" timestamp="2023-12-12T11:21:52 EET" skipped="0">
  <testcase classname="Tests.LoginTest" name="loginAndAssert" time="5.920"/>
</testsuite> <!-- Tests.LoginTest -->
