<?xml version="1.0" encoding="UTF-8"?>
<!-- Generated by org.testng.reporters.JUnitReportReporter -->
<testsuite hostname="DESKTOP-HH8RNJR" failures="0" tests="1" name="Tests.CompaniesTest" time="17.726" errors="0" timestamp="2023-12-12T11:26:13 EET" skipped="0">
  <testcase classname="Tests.CompaniesTest" name="goToCompanyDashboardAndAssertCompanyNameIsDisplayed" time="17.726"/>
</testsuite> <!-- Tests.CompaniesTest -->
