<?xml version="1.0" encoding="UTF-8"?>
<!-- Generated by org.testng.reporters.JUnitReportReporter -->
<testsuite hostname="DESKTOP-HH8RNJR" failures="0" tests="1" name="Tests.LoginTest" time="5.901" errors="0" timestamp="2023-10-27T15:28:26 EET" skipped="0">
  <testcase classname="Tests.LoginTest" name="loginAndAssert" time="5.901"/>
</testsuite> <!-- Tests.LoginTest -->
