<?xml version="1.0" encoding="UTF-8"?>
<!-- Generated by org.testng.reporters.JUnitReportReporter -->
<testsuite hostname="DESKTOP-HH8RNJR" failures="0" tests="1" name="Tests.CompaniesTest" time="11.301" errors="0" timestamp="2023-10-23T11:16:45 EET" skipped="0">
  <testcase classname="Tests.CompaniesTest" name="browseYourCompanyAndAssertCompanyNameIsDisplayed" time="11.301"/>
</testsuite> <!-- Tests.CompaniesTest -->
